0 info it worked if it ends with ok
1 verbose cli [ 'C:\\Program Files\\nodejs\\node.exe',
1 verbose cli   'C:\\Program Files\\nodejs\\node_modules\\npm\\bin\\npm-cli.js',
1 verbose cli   'install',
1 verbose cli   '--save',
1 verbose cli   'canvas' ]
2 info using npm@3.10.10
3 info using node@v6.9.4
4 silly loadCurrentTree Starting
5 silly install loadCurrentTree
6 silly install readLocalPackageData
7 silly fetchPackageMetaData canvas
8 silly fetchNamedPackageData canvas
9 silly mapToRegistry name canvas
10 silly mapToRegistry using default registry
11 silly mapToRegistry registry https://registry.npmjs.org/
12 silly mapToRegistry data Result {
12 silly mapToRegistry   raw: 'canvas',
12 silly mapToRegistry   scope: null,
12 silly mapToRegistry   escapedName: 'canvas',
12 silly mapToRegistry   name: 'canvas',
12 silly mapToRegistry   rawSpec: '',
12 silly mapToRegistry   spec: 'latest',
12 silly mapToRegistry   type: 'tag' }
13 silly mapToRegistry uri https://registry.npmjs.org/canvas
14 verbose request uri https://registry.npmjs.org/canvas
15 verbose request no auth needed
16 info attempt registry request try #1 at 3:16:54 PM
17 verbose request id a929190384543b17
18 http request GET https://registry.npmjs.org/canvas
19 http 200 https://registry.npmjs.org/canvas
20 verbose headers { server: 'nginx/1.10.1',
20 verbose headers   'content-type': 'application/json',
20 verbose headers   'last-modified': 'Wed, 01 Mar 2017 09:49:59 GMT',
20 verbose headers   etag: 'W/"58b69947-1f4a7"',
20 verbose headers   'content-encoding': 'gzip',
20 verbose headers   'cache-control': 'max-age=300',
20 verbose headers   'content-length': '15212',
20 verbose headers   'accept-ranges': 'bytes',
20 verbose headers   date: 'Fri, 03 Mar 2017 13:16:54 GMT',
20 verbose headers   via: '1.1 varnish',
20 verbose headers   age: '49',
20 verbose headers   connection: 'keep-alive',
20 verbose headers   'x-served-by': 'cache-lhr6335-LHR',
20 verbose headers   'x-cache': 'HIT',
20 verbose headers   'x-cache-hits': '1',
20 verbose headers   'x-timer': 'S1488547014.665761,VS0,VE0',
20 verbose headers   vary: 'Accept-Encoding' }
21 silly get cb [ 200,
21 silly get   { server: 'nginx/1.10.1',
21 silly get     'content-type': 'application/json',
21 silly get     'last-modified': 'Wed, 01 Mar 2017 09:49:59 GMT',
21 silly get     etag: 'W/"58b69947-1f4a7"',
21 silly get     'content-encoding': 'gzip',
21 silly get     'cache-control': 'max-age=300',
21 silly get     'content-length': '15212',
21 silly get     'accept-ranges': 'bytes',
21 silly get     date: 'Fri, 03 Mar 2017 13:16:54 GMT',
21 silly get     via: '1.1 varnish',
21 silly get     age: '49',
21 silly get     connection: 'keep-alive',
21 silly get     'x-served-by': 'cache-lhr6335-LHR',
21 silly get     'x-cache': 'HIT',
21 silly get     'x-cache-hits': '1',
21 silly get     'x-timer': 'S1488547014.665761,VS0,VE0',
21 silly get     vary: 'Accept-Encoding' } ]
22 verbose get saving canvas to C:\Users\dan\AppData\Roaming\npm-cache\registry.npmjs.org\canvas\.cache.json
23 verbose correctMkdir C:\Users\dan\AppData\Roaming\npm-cache correctMkdir not in flight; initializing
24 silly install normalizeTree
25 silly loadCurrentTree Finishing
26 silly loadIdealTree Starting
27 silly install loadIdealTree
28 silly cloneCurrentTree Starting
29 silly install cloneCurrentTreeToIdealTree
30 silly cloneCurrentTree Finishing
31 silly loadShrinkwrap Starting
32 silly install loadShrinkwrap
33 silly loadShrinkwrap Finishing
34 silly loadAllDepsIntoIdealTree Starting
35 silly install loadAllDepsIntoIdealTree
36 silly resolveWithNewModule canvas@1.6.4 checking installable status
37 silly cache add args [ 'canvas', null ]
38 verbose cache add spec canvas
39 silly cache add parsed spec Result {
39 silly cache add   raw: 'canvas',
39 silly cache add   scope: null,
39 silly cache add   escapedName: 'canvas',
39 silly cache add   name: 'canvas',
39 silly cache add   rawSpec: '',
39 silly cache add   spec: 'latest',
39 silly cache add   type: 'tag' }
40 silly addNamed canvas@latest
41 verbose addNamed "latest" is being treated as a dist-tag for canvas
42 info addNameTag [ 'canvas', 'latest' ]
43 silly mapToRegistry name canvas
44 silly mapToRegistry using default registry
45 silly mapToRegistry registry https://registry.npmjs.org/
46 silly mapToRegistry data Result {
46 silly mapToRegistry   raw: 'canvas',
46 silly mapToRegistry   scope: null,
46 silly mapToRegistry   escapedName: 'canvas',
46 silly mapToRegistry   name: 'canvas',
46 silly mapToRegistry   rawSpec: '',
46 silly mapToRegistry   spec: 'latest',
46 silly mapToRegistry   type: 'tag' }
47 silly mapToRegistry uri https://registry.npmjs.org/canvas
48 verbose addNameTag registry:https://registry.npmjs.org/canvas not in flight; fetching
49 verbose get https://registry.npmjs.org/canvas not expired, no request
50 silly addNameTag next cb for canvas with tag latest
51 silly addNamed canvas@1.6.4
52 verbose addNamed "1.6.4" is a plain semver version for canvas
53 silly mapToRegistry name canvas
54 silly mapToRegistry using default registry
55 silly mapToRegistry registry https://registry.npmjs.org/
56 silly mapToRegistry data Result {
56 silly mapToRegistry   raw: 'canvas',
56 silly mapToRegistry   scope: null,
56 silly mapToRegistry   escapedName: 'canvas',
56 silly mapToRegistry   name: 'canvas',
56 silly mapToRegistry   rawSpec: '',
56 silly mapToRegistry   spec: 'latest',
56 silly mapToRegistry   type: 'tag' }
57 silly mapToRegistry uri https://registry.npmjs.org/canvas
58 verbose addRemoteTarball https://registry.npmjs.org/canvas/-/canvas-1.6.4.tgz not in flight; adding
59 verbose addRemoteTarball [ 'https://registry.npmjs.org/canvas/-/canvas-1.6.4.tgz',
59 verbose addRemoteTarball   'b9f53f7abb12b4f4b21c5c2d56d8cdfd479c0055' ]
60 info retry fetch attempt 1 at 3:16:57 PM
61 info attempt registry request try #1 at 3:16:57 PM
62 http fetch GET https://registry.npmjs.org/canvas/-/canvas-1.6.4.tgz
63 http fetch 200 https://registry.npmjs.org/canvas/-/canvas-1.6.4.tgz
64 silly fetchAndShaCheck shasum b9f53f7abb12b4f4b21c5c2d56d8cdfd479c0055
65 verbose addTmpTarball C:\Users\dan\AppData\Local\Temp\npm-9520-d6e9e2be\registry.npmjs.org\canvas\-\canvas-1.6.4.tgz not in flight; adding
66 verbose addTmpTarball already have metadata; skipping unpack for canvas@1.6.4
67 verbose correctMkdir C:\Users\dan\AppData\Roaming\npm-cache correctMkdir not in flight; initializing
68 silly cache afterAdd canvas@1.6.4
69 verbose afterAdd C:\Users\dan\AppData\Roaming\npm-cache\canvas\1.6.4\package\package.json not in flight; writing
70 verbose correctMkdir C:\Users\dan\AppData\Roaming\npm-cache correctMkdir not in flight; initializing
71 verbose afterAdd C:\Users\dan\AppData\Roaming\npm-cache\canvas\1.6.4\package\package.json written
72 silly fetchNamedPackageData nan
73 silly mapToRegistry name nan
74 silly mapToRegistry using default registry
75 silly mapToRegistry registry https://registry.npmjs.org/
76 silly mapToRegistry data Result {
76 silly mapToRegistry   raw: 'nan',
76 silly mapToRegistry   scope: null,
76 silly mapToRegistry   escapedName: 'nan',
76 silly mapToRegistry   name: 'nan',
76 silly mapToRegistry   rawSpec: '',
76 silly mapToRegistry   spec: 'latest',
76 silly mapToRegistry   type: 'tag' }
77 silly mapToRegistry uri https://registry.npmjs.org/nan
78 verbose request uri https://registry.npmjs.org/nan
79 verbose request no auth needed
80 info attempt registry request try #1 at 3:16:57 PM
81 http request GET https://registry.npmjs.org/nan
82 http 200 https://registry.npmjs.org/nan
83 verbose headers { server: 'nginx/1.10.1',
83 verbose headers   'content-type': 'application/json',
83 verbose headers   'last-modified': 'Wed, 15 Feb 2017 12:36:59 GMT',
83 verbose headers   etag: 'W/"58a44b6b-1df62"',
83 verbose headers   'content-encoding': 'gzip',
83 verbose headers   'cache-control': 'max-age=300',
83 verbose headers   'content-length': '14430',
83 verbose headers   'accept-ranges': 'bytes',
83 verbose headers   date: 'Fri, 03 Mar 2017 13:16:56 GMT',
83 verbose headers   via: '1.1 varnish',
83 verbose headers   age: '17',
83 verbose headers   connection: 'keep-alive',
83 verbose headers   'x-served-by': 'cache-lhr6335-LHR',
83 verbose headers   'x-cache': 'HIT',
83 verbose headers   'x-cache-hits': '2',
83 verbose headers   'x-timer': 'S1488547016.314414,VS0,VE0',
83 verbose headers   vary: 'Accept-Encoding' }
84 silly get cb [ 200,
84 silly get   { server: 'nginx/1.10.1',
84 silly get     'content-type': 'application/json',
84 silly get     'last-modified': 'Wed, 15 Feb 2017 12:36:59 GMT',
84 silly get     etag: 'W/"58a44b6b-1df62"',
84 silly get     'content-encoding': 'gzip',
84 silly get     'cache-control': 'max-age=300',
84 silly get     'content-length': '14430',
84 silly get     'accept-ranges': 'bytes',
84 silly get     date: 'Fri, 03 Mar 2017 13:16:56 GMT',
84 silly get     via: '1.1 varnish',
84 silly get     age: '17',
84 silly get     connection: 'keep-alive',
84 silly get     'x-served-by': 'cache-lhr6335-LHR',
84 silly get     'x-cache': 'HIT',
84 silly get     'x-cache-hits': '2',
84 silly get     'x-timer': 'S1488547016.314414,VS0,VE0',
84 silly get     vary: 'Accept-Encoding' } ]
85 verbose get saving nan to C:\Users\dan\AppData\Roaming\npm-cache\registry.npmjs.org\nan\.cache.json
86 verbose correctMkdir C:\Users\dan\AppData\Roaming\npm-cache correctMkdir not in flight; initializing
87 silly resolveWithNewModule nan@2.5.1 checking installable status
88 silly cache add args [ 'nan@^2.4.0', null ]
89 verbose cache add spec nan@^2.4.0
90 silly cache add parsed spec Result {
90 silly cache add   raw: 'nan@^2.4.0',
90 silly cache add   scope: null,
90 silly cache add   escapedName: 'nan',
90 silly cache add   name: 'nan',
90 silly cache add   rawSpec: '^2.4.0',
90 silly cache add   spec: '>=2.4.0 <3.0.0',
90 silly cache add   type: 'range' }
91 silly addNamed nan@>=2.4.0 <3.0.0
92 verbose addNamed ">=2.4.0 <3.0.0" is a valid semver range for nan
93 silly addNameRange { name: 'nan', range: '>=2.4.0 <3.0.0', hasData: false }
94 silly mapToRegistry name nan
95 silly mapToRegistry using default registry
96 silly mapToRegistry registry https://registry.npmjs.org/
97 silly mapToRegistry data Result {
97 silly mapToRegistry   raw: 'nan',
97 silly mapToRegistry   scope: null,
97 silly mapToRegistry   escapedName: 'nan',
97 silly mapToRegistry   name: 'nan',
97 silly mapToRegistry   rawSpec: '',
97 silly mapToRegistry   spec: 'latest',
97 silly mapToRegistry   type: 'tag' }
98 silly mapToRegistry uri https://registry.npmjs.org/nan
99 verbose addNameRange registry:https://registry.npmjs.org/nan not in flight; fetching
100 verbose get https://registry.npmjs.org/nan not expired, no request
101 silly addNameRange number 2 { name: 'nan', range: '>=2.4.0 <3.0.0', hasData: true }
102 silly addNameRange versions [ 'nan',
102 silly addNameRange   [ '0.3.0-wip',
102 silly addNameRange     '0.3.0-wip2',
102 silly addNameRange     '0.3.0',
102 silly addNameRange     '0.3.1',
102 silly addNameRange     '0.3.2',
102 silly addNameRange     '0.4.0',
102 silly addNameRange     '0.4.1',
102 silly addNameRange     '0.4.2',
102 silly addNameRange     '0.4.3',
102 silly addNameRange     '0.4.4',
102 silly addNameRange     '0.5.0',
102 silly addNameRange     '0.5.1',
102 silly addNameRange     '0.5.2',
102 silly addNameRange     '0.6.0',
102 silly addNameRange     '0.7.0',
102 silly addNameRange     '0.7.1',
102 silly addNameRange     '0.8.0',
102 silly addNameRange     '1.0.0',
102 silly addNameRange     '1.1.0',
102 silly addNameRange     '1.1.1',
102 silly addNameRange     '1.1.2',
102 silly addNameRange     '1.2.0',
102 silly addNameRange     '1.3.0',
102 silly addNameRange     '1.4.0',
102 silly addNameRange     '1.4.1',
102 silly addNameRange     '1.5.0',
102 silly addNameRange     '1.4.2',
102 silly addNameRange     '1.4.3',
102 silly addNameRange     '1.5.1',
102 silly addNameRange     '1.5.2',
102 silly addNameRange     '1.6.0',
102 silly addNameRange     '1.5.3',
102 silly addNameRange     '1.6.1',
102 silly addNameRange     '1.6.2',
102 silly addNameRange     '1.7.0',
102 silly addNameRange     '1.8.0',
102 silly addNameRange     '1.8.1',
102 silly addNameRange     '1.8.2',
102 silly addNameRange     '1.8.3',
102 silly addNameRange     '1.8.4',
102 silly addNameRange     '1.9.0',
102 silly addNameRange     '2.0.0',
102 silly addNameRange     '2.0.1',
102 silly addNameRange     '2.0.2',
102 silly addNameRange     '2.0.3',
102 silly addNameRange     '2.0.4',
102 silly addNameRange     '2.0.5',
102 silly addNameRange     '2.0.6',
102 silly addNameRange     '2.0.7',
102 silly addNameRange     '2.0.8',
102 silly addNameRange     '2.0.9',
102 silly addNameRange     '2.1.0',
102 silly addNameRange     '2.2.0',
102 silly addNameRange     '2.2.1',
102 silly addNameRange     '2.3.0',
102 silly addNameRange     '2.3.1',
102 silly addNameRange     '2.3.2',
102 silly addNameRange     '2.3.3',
102 silly addNameRange     '2.3.4',
102 silly addNameRange     '2.3.5',
102 silly addNameRange     '2.4.0',
102 silly addNameRange     '2.5.0',
102 silly addNameRange     '2.5.1' ] ]
103 silly addNamed nan@2.5.1
104 verbose addNamed "2.5.1" is a plain semver version for nan
105 silly mapToRegistry name nan
106 silly mapToRegistry using default registry
107 silly mapToRegistry registry https://registry.npmjs.org/
108 silly mapToRegistry data Result {
108 silly mapToRegistry   raw: 'nan',
108 silly mapToRegistry   scope: null,
108 silly mapToRegistry   escapedName: 'nan',
108 silly mapToRegistry   name: 'nan',
108 silly mapToRegistry   rawSpec: '',
108 silly mapToRegistry   spec: 'latest',
108 silly mapToRegistry   type: 'tag' }
109 silly mapToRegistry uri https://registry.npmjs.org/nan
110 verbose addRemoteTarball https://registry.npmjs.org/nan/-/nan-2.5.1.tgz not in flight; adding
111 verbose addRemoteTarball [ 'https://registry.npmjs.org/nan/-/nan-2.5.1.tgz',
111 verbose addRemoteTarball   'd5b01691253326a97a2bbee9e61c55d8d60351e2' ]
112 info retry fetch attempt 1 at 3:16:57 PM
113 info attempt registry request try #1 at 3:16:57 PM
114 http fetch GET https://registry.npmjs.org/nan/-/nan-2.5.1.tgz
115 http fetch 200 https://registry.npmjs.org/nan/-/nan-2.5.1.tgz
116 silly fetchAndShaCheck shasum d5b01691253326a97a2bbee9e61c55d8d60351e2
117 verbose addTmpTarball C:\Users\dan\AppData\Local\Temp\npm-9520-d6e9e2be\registry.npmjs.org\nan\-\nan-2.5.1.tgz not in flight; adding
118 verbose addTmpTarball already have metadata; skipping unpack for nan@2.5.1
119 verbose correctMkdir C:\Users\dan\AppData\Roaming\npm-cache correctMkdir not in flight; initializing
120 silly cache afterAdd nan@2.5.1
121 verbose afterAdd C:\Users\dan\AppData\Roaming\npm-cache\nan\2.5.1\package\package.json not in flight; writing
122 verbose correctMkdir C:\Users\dan\AppData\Roaming\npm-cache correctMkdir not in flight; initializing
123 verbose afterAdd C:\Users\dan\AppData\Roaming\npm-cache\nan\2.5.1\package\package.json written
124 silly fetchNamedPackageData canvas
125 silly mapToRegistry name canvas
126 silly mapToRegistry using default registry
127 silly mapToRegistry registry https://registry.npmjs.org/
128 silly mapToRegistry data Result {
128 silly mapToRegistry   raw: 'canvas',
128 silly mapToRegistry   scope: null,
128 silly mapToRegistry   escapedName: 'canvas',
128 silly mapToRegistry   name: 'canvas',
128 silly mapToRegistry   rawSpec: '',
128 silly mapToRegistry   spec: 'latest',
128 silly mapToRegistry   type: 'tag' }
129 silly mapToRegistry uri https://registry.npmjs.org/canvas
130 silly resolveWithNewModule canvas@1.0.4 checking installable status
131 silly cache add args [ 'canvas@1.0.x', null ]
132 verbose cache add spec canvas@1.0.x
133 silly cache add parsed spec Result {
133 silly cache add   raw: 'canvas@1.0.x',
133 silly cache add   scope: null,
133 silly cache add   escapedName: 'canvas',
133 silly cache add   name: 'canvas',
133 silly cache add   rawSpec: '1.0.x',
133 silly cache add   spec: '>=1.0.0 <1.1.0',
133 silly cache add   type: 'range' }
134 silly addNamed canvas@>=1.0.0 <1.1.0
135 verbose addNamed ">=1.0.0 <1.1.0" is a valid semver range for canvas
136 silly addNameRange { name: 'canvas', range: '>=1.0.0 <1.1.0', hasData: false }
137 silly mapToRegistry name canvas
138 silly mapToRegistry using default registry
139 silly mapToRegistry registry https://registry.npmjs.org/
140 silly mapToRegistry data Result {
140 silly mapToRegistry   raw: 'canvas',
140 silly mapToRegistry   scope: null,
140 silly mapToRegistry   escapedName: 'canvas',
140 silly mapToRegistry   name: 'canvas',
140 silly mapToRegistry   rawSpec: '',
140 silly mapToRegistry   spec: 'latest',
140 silly mapToRegistry   type: 'tag' }
141 silly mapToRegistry uri https://registry.npmjs.org/canvas
142 verbose addNameRange registry:https://registry.npmjs.org/canvas not in flight; fetching
143 verbose get https://registry.npmjs.org/canvas not expired, no request
144 silly addNameRange number 2 { name: 'canvas', range: '>=1.0.0 <1.1.0', hasData: true }
145 silly addNameRange versions [ 'canvas',
145 silly addNameRange   [ '0.0.1',
145 silly addNameRange     '0.0.2',
145 silly addNameRange     '0.0.3',
145 silly addNameRange     '0.0.4',
145 silly addNameRange     '0.0.5',
145 silly addNameRange     '0.0.6',
145 silly addNameRange     '0.0.7',
145 silly addNameRange     '0.0.8',
145 silly addNameRange     '0.1.0',
145 silly addNameRange     '0.2.0',
145 silly addNameRange     '0.2.1',
145 silly addNameRange     '0.3.0',
145 silly addNameRange     '0.3.1',
145 silly addNameRange     '0.3.2',
145 silly addNameRange     '0.3.3',
145 silly addNameRange     '0.4.0',
145 silly addNameRange     '0.4.1',
145 silly addNameRange     '0.4.2',
145 silly addNameRange     '0.4.3',
145 silly addNameRange     '0.5.0',
145 silly addNameRange     '0.5.1',
145 silly addNameRange     '0.5.2',
145 silly addNameRange     '0.5.3',
145 silly addNameRange     '0.5.4',
145 silly addNameRange     '0.6.0',
145 silly addNameRange     '0.7.0',
145 silly addNameRange     '0.7.1',
145 silly addNameRange     '0.7.2',
145 silly addNameRange     '0.7.3',
145 silly addNameRange     '0.8.0',
145 silly addNameRange     '0.8.1',
145 silly addNameRange     '0.8.2',
145 silly addNameRange     '0.8.3',
145 silly addNameRange     '0.9.0',
145 silly addNameRange     '0.10.0',
145 silly addNameRange     '0.10.1',
145 silly addNameRange     '0.10.2',
145 silly addNameRange     '0.10.3',
145 silly addNameRange     '0.11.0',
145 silly addNameRange     '0.11.1',
145 silly addNameRange     '0.11.2',
145 silly addNameRange     '0.11.3',
145 silly addNameRange     '0.12.0',
145 silly addNameRange     '0.12.1',
145 silly addNameRange     '0.13.0',
145 silly addNameRange     '0.13.1',
145 silly addNameRange     '1.0.0',
145 silly addNameRange     '1.0.1',
145 silly addNameRange     '1.0.2',
145 silly addNameRange     '1.0.3',
145 silly addNameRange     '1.0.4',
145 silly addNameRange     '1.1.0',
145 silly addNameRange     '1.1.1',
145 silly addNameRange     '1.1.2',
145 silly addNameRange     '1.1.3',
145 silly addNameRange     '1.1.4',
145 silly addNameRange     '1.1.5',
145 silly addNameRange     '1.1.6',
145 silly addNameRange     '1.2.0',
145 silly addNameRange     '1.2.1',
145 silly addNameRange     '1.2.2',
145 silly addNameRange     '1.2.3',
145 silly addNameRange     '1.2.4',
145 silly addNameRange     '1.2.5',
145 silly addNameRange     '1.2.6',
145 silly addNameRange     '1.2.7',
145 silly addNameRange     '1.2.8',
145 silly addNameRange     '1.2.9',
145 silly addNameRange     '1.2.10',
145 silly addNameRange     '1.2.11',
145 silly addNameRange     '1.3.0',
145 silly addNameRange     '1.3.1',
145 silly addNameRange     '1.3.2',
145 silly addNameRange     '1.3.3',
145 silly addNameRange     '1.3.4',
145 silly addNameRange     '1.3.5',
145 silly addNameRange     '1.3.6',
145 silly addNameRange     '1.3.7',
145 silly addNameRange     '1.3.8',
145 silly addNameRange     '1.3.9',
145 silly addNameRange     '1.3.10',
145 silly addNameRange     '1.3.11',
145 silly addNameRange     '1.3.12',
145 silly addNameRange     '1.3.13',
145 silly addNameRange     '1.3.14',
145 silly addNameRange     '1.3.15',
145 silly addNameRange     '1.3.16',
145 silly addNameRange     '1.4.0',
145 silly addNameRange     '1.5.0',
145 silly addNameRange     '1.6.0',
145 silly addNameRange     '1.6.1',
145 silly addNameRange     '1.6.2',
145 silly addNameRange     '1.6.3',
145 silly addNameRange     '1.6.4' ] ]
146 silly addNamed canvas@1.0.4
147 verbose addNamed "1.0.4" is a plain semver version for canvas
148 silly mapToRegistry name canvas
149 silly mapToRegistry using default registry
150 silly mapToRegistry registry https://registry.npmjs.org/
151 silly mapToRegistry data Result {
151 silly mapToRegistry   raw: 'canvas',
151 silly mapToRegistry   scope: null,
151 silly mapToRegistry   escapedName: 'canvas',
151 silly mapToRegistry   name: 'canvas',
151 silly mapToRegistry   rawSpec: '',
151 silly mapToRegistry   spec: 'latest',
151 silly mapToRegistry   type: 'tag' }
152 silly mapToRegistry uri https://registry.npmjs.org/canvas
153 verbose addRemoteTarball https://registry.npmjs.org/canvas/-/canvas-1.0.4.tgz not in flight; adding
154 verbose addRemoteTarball [ 'https://registry.npmjs.org/canvas/-/canvas-1.0.4.tgz',
154 verbose addRemoteTarball   'e17c9eef9e7ffc2df0d03e02761e5ef31d694c46' ]
155 info retry fetch attempt 1 at 3:16:58 PM
156 info attempt registry request try #1 at 3:16:58 PM
157 http fetch GET https://registry.npmjs.org/canvas/-/canvas-1.0.4.tgz
158 http fetch 200 https://registry.npmjs.org/canvas/-/canvas-1.0.4.tgz
159 silly fetchAndShaCheck shasum e17c9eef9e7ffc2df0d03e02761e5ef31d694c46
160 verbose addTmpTarball C:\Users\dan\AppData\Local\Temp\npm-9520-d6e9e2be\registry.npmjs.org\canvas\-\canvas-1.0.4.tgz not in flight; adding
161 verbose addTmpTarball already have metadata; skipping unpack for canvas@1.0.4
162 verbose correctMkdir C:\Users\dan\AppData\Roaming\npm-cache correctMkdir not in flight; initializing
163 silly cache afterAdd canvas@1.0.4
164 verbose afterAdd C:\Users\dan\AppData\Roaming\npm-cache\canvas\1.0.4\package\package.json not in flight; writing
165 verbose correctMkdir C:\Users\dan\AppData\Roaming\npm-cache correctMkdir not in flight; initializing
166 verbose afterAdd C:\Users\dan\AppData\Roaming\npm-cache\canvas\1.0.4\package\package.json written
167 silly loadAllDepsIntoIdealTree Finishing
168 silly loadIdealTree Finishing
169 silly currentTree myapp@0.0.0
169 silly currentTree +-- angular-animate@1.5.11
169 silly currentTree +-- angular-aria@1.5.11
169 silly currentTree +-- angular-cookies@1.6.1
169 silly currentTree +-- angular-material@1.1.1
169 silly currentTree +-- angular-ui-router@0.4.2
169 silly currentTree +-- angular@1.5.11
169 silly currentTree +-- base64-url@1.3.3
169 silly currentTree +-- body-parser@1.15.2
169 silly currentTree | +-- bytes@2.4.0
169 silly currentTree | +-- content-type@1.0.2
169 silly currentTree | +-- depd@1.1.0
169 silly currentTree | +-- http-errors@1.5.1
169 silly currentTree | | +-- inherits@2.0.3
169 silly currentTree | | +-- setprototypeof@1.0.2
169 silly currentTree | | `-- statuses@1.3.1
169 silly currentTree | +-- iconv-lite@0.4.13
169 silly currentTree | +-- on-finished@2.3.0
169 silly currentTree | | `-- ee-first@1.1.1
169 silly currentTree | +-- qs@6.2.0
169 silly currentTree | +-- raw-body@2.1.7
169 silly currentTree | | `-- unpipe@1.0.0
169 silly currentTree | `-- type-is@1.6.14
169 silly currentTree |   +-- media-typer@0.3.0
169 silly currentTree |   `-- mime-types@2.1.14
169 silly currentTree |     `-- mime-db@1.26.0
169 silly currentTree +-- canvas@1.0.4
169 silly currentTree +-- color-convert@0.2.1
169 silly currentTree +-- cookie-parser@1.4.3
169 silly currentTree | +-- cookie-signature@1.0.6
169 silly currentTree | `-- cookie@0.3.1
169 silly currentTree +-- cookie-signature@1.0.6
169 silly currentTree +-- cookie@0.3.1
169 silly currentTree +-- crc@3.4.4
169 silly currentTree +-- debug@2.2.0
169 silly currentTree | `-- ms@0.7.1
169 silly currentTree +-- depd@1.1.0
169 silly currentTree +-- ejs@1.0.0
169 silly currentTree +-- express-session@1.15.0
169 silly currentTree | `-- debug@2.6.0
169 silly currentTree +-- express@4.14.0
169 silly currentTree | +-- accepts@1.3.3
169 silly currentTree | | +-- mime-types@2.1.14
169 silly currentTree | | | `-- mime-db@1.26.0
169 silly currentTree | | `-- negotiator@0.6.1
169 silly currentTree | +-- array-flatten@1.1.1
169 silly currentTree | +-- content-disposition@0.5.1
169 silly currentTree | +-- content-type@1.0.2
169 silly currentTree | +-- cookie-signature@1.0.6
169 silly currentTree | +-- cookie@0.3.1
169 silly currentTree | +-- depd@1.1.0
169 silly currentTree | +-- encodeurl@1.0.1
169 silly currentTree | +-- escape-html@1.0.3
169 silly currentTree | +-- etag@1.7.0
169 silly currentTree | +-- finalhandler@0.5.0
169 silly currentTree | | +-- statuses@1.3.1
169 silly currentTree | | `-- unpipe@1.0.0
169 silly currentTree | +-- fresh@0.3.0
169 silly currentTree | +-- merge-descriptors@1.0.1
169 silly currentTree | +-- methods@1.1.2
169 silly currentTree | +-- on-finished@2.3.0
169 silly currentTree | | `-- ee-first@1.1.1
169 silly currentTree | +-- parseurl@1.3.1
169 silly currentTree | +-- path-to-regexp@0.1.7
169 silly currentTree | +-- proxy-addr@1.1.3
169 silly currentTree | | +-- forwarded@0.1.0
169 silly currentTree | | `-- ipaddr.js@1.2.0
169 silly currentTree | +-- qs@6.2.0
169 silly currentTree | +-- range-parser@1.2.0
169 silly currentTree | +-- send@0.14.1
169 silly currentTree | | +-- destroy@1.0.4
169 silly currentTree | | +-- http-errors@1.5.1
169 silly currentTree | | | +-- inherits@2.0.3
169 silly currentTree | | | `-- setprototypeof@1.0.2
169 silly currentTree | | +-- mime@1.3.4
169 silly currentTree | | +-- ms@0.7.1
169 silly currentTree | | `-- statuses@1.3.1
169 silly currentTree | +-- serve-static@1.11.1
169 silly currentTree | +-- type-is@1.6.14
169 silly currentTree | | +-- media-typer@0.3.0
169 silly currentTree | | `-- mime-types@2.1.14
169 silly currentTree | |   `-- mime-db@1.26.0
169 silly currentTree | +-- utils-merge@1.0.0
169 silly currentTree | `-- vary@1.1.0
169 silly currentTree +-- heatmap@0.0.5
169 silly currentTree +-- jade@1.11.0
169 silly currentTree | +-- character-parser@1.2.1
169 silly currentTree | +-- clean-css@3.4.23
169 silly currentTree | | +-- commander@2.8.1
169 silly currentTree | | | `-- graceful-readlink@1.0.1
169 silly currentTree | | `-- source-map@0.4.4
169 silly currentTree | |   `-- amdefine@1.0.1
169 silly currentTree | +-- commander@2.6.0
169 silly currentTree | +-- constantinople@3.0.2
169 silly currentTree | | `-- acorn@2.7.0
169 silly currentTree | +-- jstransformer@0.0.2
169 silly currentTree | | +-- is-promise@2.1.0
169 silly currentTree | | `-- promise@6.1.0
169 silly currentTree | |   `-- asap@1.0.0
169 silly currentTree | +-- mkdirp@0.5.1
169 silly currentTree | | `-- minimist@0.0.8
169 silly currentTree | +-- transformers@2.1.0
169 silly currentTree | | +-- css@1.0.8
169 silly currentTree | | | +-- css-parse@1.0.4
169 silly currentTree | | | `-- css-stringify@1.0.5
169 silly currentTree | | +-- promise@2.0.0
169 silly currentTree | | | `-- is-promise@1.0.1
169 silly currentTree | | `-- uglify-js@2.2.5
169 silly currentTree | |   +-- optimist@0.3.7
169 silly currentTree | |   | `-- wordwrap@0.0.3
169 silly currentTree | |   `-- source-map@0.1.43
169 silly currentTree | |     `-- amdefine@1.0.1
169 silly currentTree | +-- uglify-js@2.7.5
169 silly currentTree | | +-- async@0.2.10
169 silly currentTree | | +-- source-map@0.5.6
169 silly currentTree | | +-- uglify-to-browserify@1.0.2
169 silly currentTree | | `-- yargs@3.10.0
169 silly currentTree | |   +-- camelcase@1.2.1
169 silly currentTree | |   +-- cliui@2.1.0
169 silly currentTree | |   | +-- center-align@0.1.3
169 silly currentTree | |   | | +-- align-text@0.1.4
169 silly currentTree | |   | | | +-- kind-of@3.1.0
169 silly currentTree | |   | | | | `-- is-buffer@1.1.4
169 silly currentTree | |   | | | +-- longest@1.0.1
169 silly currentTree | |   | | | `-- repeat-string@1.6.1
169 silly currentTree | |   | | `-- lazy-cache@1.0.4
169 silly currentTree | |   | +-- right-align@0.1.3
169 silly currentTree | |   | | `-- align-text@0.1.4
169 silly currentTree | |   | |   +-- kind-of@3.1.0
169 silly currentTree | |   | |   | `-- is-buffer@1.1.4
169 silly currentTree | |   | |   +-- longest@1.0.1
169 silly currentTree | |   | |   `-- repeat-string@1.6.1
169 silly currentTree | |   | `-- wordwrap@0.0.2
169 silly currentTree | |   +-- decamelize@1.2.0
169 silly currentTree | |   `-- window-size@0.1.0
169 silly currentTree | +-- void-elements@2.0.1
169 silly currentTree | `-- with@4.0.3
169 silly currentTree |   +-- acorn-globals@1.0.9
169 silly currentTree |   | `-- acorn@2.7.0
169 silly currentTree |   `-- acorn@1.2.2
169 silly currentTree +-- jquery@3.1.1
169 silly currentTree +-- mongodb@2.2.21
169 silly currentTree | +-- es6-promise@3.2.1
169 silly currentTree | +-- mongodb-core@2.1.6
169 silly currentTree | | +-- bson@1.0.4
169 silly currentTree | | `-- require_optional@1.0.0
169 silly currentTree | |   +-- resolve-from@2.0.0
169 silly currentTree | |   `-- semver@5.3.0
169 silly currentTree | `-- readable-stream@2.1.5
169 silly currentTree |   +-- buffer-shims@1.0.0
169 silly currentTree |   +-- core-util-is@1.0.2
169 silly currentTree |   +-- inherits@2.0.3
169 silly currentTree |   +-- isarray@1.0.0
169 silly currentTree |   +-- process-nextick-args@1.0.7
169 silly currentTree |   +-- string_decoder@0.10.31
169 silly currentTree |   `-- util-deprecate@1.0.2
169 silly currentTree +-- mongoose@4.7.6
169 silly currentTree | +-- async@2.1.4
169 silly currentTree | | `-- lodash@4.17.4
169 silly currentTree | +-- bson@1.0.4
169 silly currentTree | +-- hooks-fixed@1.2.0
169 silly currentTree | +-- kareem@1.2.0
169 silly currentTree | +-- mongodb@2.2.16
169 silly currentTree | | +-- es6-promise@3.2.1
169 silly currentTree | | +-- mongodb-core@2.1.2
169 silly currentTree | | | `-- require_optional@1.0.0
169 silly currentTree | | |   +-- resolve-from@2.0.0
169 silly currentTree | | |   `-- semver@5.3.0
169 silly currentTree | | `-- readable-stream@2.1.5
169 silly currentTree | |   +-- buffer-shims@1.0.0
169 silly currentTree | |   +-- core-util-is@1.0.2
169 silly currentTree | |   +-- inherits@2.0.3
169 silly currentTree | |   +-- isarray@1.0.0
169 silly currentTree | |   +-- process-nextick-args@1.0.7
169 silly currentTree | |   +-- string_decoder@0.10.31
169 silly currentTree | |   `-- util-deprecate@1.0.2
169 silly currentTree | +-- mpath@0.2.1
169 silly currentTree | +-- mpromise@0.5.5
169 silly currentTree | +-- mquery@2.0.0
169 silly currentTree | | +-- bluebird@2.10.2
169 silly currentTree | | `-- sliced@0.0.5
169 silly currentTree | +-- ms@0.7.2
169 silly currentTree | +-- muri@1.1.1
169 silly currentTree | +-- regexp-clone@0.0.1
169 silly currentTree | `-- sliced@1.0.1
169 silly currentTree +-- morgan@1.7.0
169 silly currentTree | +-- basic-auth@1.0.4
169 silly currentTree | +-- depd@1.1.0
169 silly currentTree | +-- on-finished@2.3.0
169 silly currentTree | | `-- ee-first@1.1.1
169 silly currentTree | `-- on-headers@1.0.1
169 silly currentTree +-- ms@0.7.2
169 silly currentTree +-- ng-cookies@1.0.2
169 silly currentTree | `-- cookie@0.1.5
169 silly currentTree +-- on-headers@1.0.1
169 silly currentTree +-- parseurl@1.3.1
169 silly currentTree +-- random-bytes@1.0.0
169 silly currentTree +-- serve-favicon@2.3.2
169 silly currentTree | +-- etag@1.7.0
169 silly currentTree | +-- fresh@0.3.0
169 silly currentTree | +-- ms@0.7.2
169 silly currentTree | `-- parseurl@1.3.1
169 silly currentTree +-- smart-area@1.1.0
169 silly currentTree +-- uid-safe@2.1.3
169 silly currentTree `-- utils-merge@1.0.0
170 silly idealTree myapp@0.0.0
170 silly idealTree +-- angular-animate@1.5.11
170 silly idealTree +-- angular-aria@1.5.11
170 silly idealTree +-- angular-cookies@1.6.1
170 silly idealTree +-- angular-material@1.1.1
170 silly idealTree +-- angular-ui-router@0.4.2
170 silly idealTree +-- angular@1.5.11
170 silly idealTree +-- base64-url@1.3.3
170 silly idealTree +-- body-parser@1.15.2
170 silly idealTree | +-- bytes@2.4.0
170 silly idealTree | +-- content-type@1.0.2
170 silly idealTree | +-- depd@1.1.0
170 silly idealTree | +-- http-errors@1.5.1
170 silly idealTree | | +-- inherits@2.0.3
170 silly idealTree | | +-- setprototypeof@1.0.2
170 silly idealTree | | `-- statuses@1.3.1
170 silly idealTree | +-- iconv-lite@0.4.13
170 silly idealTree | +-- on-finished@2.3.0
170 silly idealTree | | `-- ee-first@1.1.1
170 silly idealTree | +-- qs@6.2.0
170 silly idealTree | +-- raw-body@2.1.7
170 silly idealTree | | `-- unpipe@1.0.0
170 silly idealTree | `-- type-is@1.6.14
170 silly idealTree |   +-- media-typer@0.3.0
170 silly idealTree |   `-- mime-types@2.1.14
170 silly idealTree |     `-- mime-db@1.26.0
170 silly idealTree +-- canvas@1.6.4
170 silly idealTree +-- color-convert@0.2.1
170 silly idealTree +-- cookie-parser@1.4.3
170 silly idealTree | +-- cookie-signature@1.0.6
170 silly idealTree | `-- cookie@0.3.1
170 silly idealTree +-- cookie-signature@1.0.6
170 silly idealTree +-- cookie@0.3.1
170 silly idealTree +-- crc@3.4.4
170 silly idealTree +-- debug@2.2.0
170 silly idealTree | `-- ms@0.7.1
170 silly idealTree +-- depd@1.1.0
170 silly idealTree +-- ejs@1.0.0
170 silly idealTree +-- express-session@1.15.0
170 silly idealTree | `-- debug@2.6.0
170 silly idealTree +-- express@4.14.0
170 silly idealTree | +-- accepts@1.3.3
170 silly idealTree | | +-- mime-types@2.1.14
170 silly idealTree | | | `-- mime-db@1.26.0
170 silly idealTree | | `-- negotiator@0.6.1
170 silly idealTree | +-- array-flatten@1.1.1
170 silly idealTree | +-- content-disposition@0.5.1
170 silly idealTree | +-- content-type@1.0.2
170 silly idealTree | +-- cookie-signature@1.0.6
170 silly idealTree | +-- cookie@0.3.1
170 silly idealTree | +-- depd@1.1.0
170 silly idealTree | +-- encodeurl@1.0.1
170 silly idealTree | +-- escape-html@1.0.3
170 silly idealTree | +-- etag@1.7.0
170 silly idealTree | +-- finalhandler@0.5.0
170 silly idealTree | | +-- statuses@1.3.1
170 silly idealTree | | `-- unpipe@1.0.0
170 silly idealTree | +-- fresh@0.3.0
170 silly idealTree | +-- merge-descriptors@1.0.1
170 silly idealTree | +-- methods@1.1.2
170 silly idealTree | +-- on-finished@2.3.0
170 silly idealTree | | `-- ee-first@1.1.1
170 silly idealTree | +-- parseurl@1.3.1
170 silly idealTree | +-- path-to-regexp@0.1.7
170 silly idealTree | +-- proxy-addr@1.1.3
170 silly idealTree | | +-- forwarded@0.1.0
170 silly idealTree | | `-- ipaddr.js@1.2.0
170 silly idealTree | +-- qs@6.2.0
170 silly idealTree | +-- range-parser@1.2.0
170 silly idealTree | +-- send@0.14.1
170 silly idealTree | | +-- destroy@1.0.4
170 silly idealTree | | +-- http-errors@1.5.1
170 silly idealTree | | | +-- inherits@2.0.3
170 silly idealTree | | | `-- setprototypeof@1.0.2
170 silly idealTree | | +-- mime@1.3.4
170 silly idealTree | | +-- ms@0.7.1
170 silly idealTree | | `-- statuses@1.3.1
170 silly idealTree | +-- serve-static@1.11.1
170 silly idealTree | +-- type-is@1.6.14
170 silly idealTree | | +-- media-typer@0.3.0
170 silly idealTree | | `-- mime-types@2.1.14
170 silly idealTree | |   `-- mime-db@1.26.0
170 silly idealTree | +-- utils-merge@1.0.0
170 silly idealTree | `-- vary@1.1.0
170 silly idealTree +-- heatmap@0.0.5
170 silly idealTree | `-- canvas@1.0.4
170 silly idealTree +-- jade@1.11.0
170 silly idealTree | +-- character-parser@1.2.1
170 silly idealTree | +-- clean-css@3.4.23
170 silly idealTree | | +-- commander@2.8.1
170 silly idealTree | | | `-- graceful-readlink@1.0.1
170 silly idealTree | | `-- source-map@0.4.4
170 silly idealTree | |   `-- amdefine@1.0.1
170 silly idealTree | +-- commander@2.6.0
170 silly idealTree | +-- constantinople@3.0.2
170 silly idealTree | | `-- acorn@2.7.0
170 silly idealTree | +-- jstransformer@0.0.2
170 silly idealTree | | +-- is-promise@2.1.0
170 silly idealTree | | `-- promise@6.1.0
170 silly idealTree | |   `-- asap@1.0.0
170 silly idealTree | +-- mkdirp@0.5.1
170 silly idealTree | | `-- minimist@0.0.8
170 silly idealTree | +-- transformers@2.1.0
170 silly idealTree | | +-- css@1.0.8
170 silly idealTree | | | +-- css-parse@1.0.4
170 silly idealTree | | | `-- css-stringify@1.0.5
170 silly idealTree | | +-- promise@2.0.0
170 silly idealTree | | | `-- is-promise@1.0.1
170 silly idealTree | | `-- uglify-js@2.2.5
170 silly idealTree | |   +-- optimist@0.3.7
170 silly idealTree | |   | `-- wordwrap@0.0.3
170 silly idealTree | |   `-- source-map@0.1.43
170 silly idealTree | |     `-- amdefine@1.0.1
170 silly idealTree | +-- uglify-js@2.7.5
170 silly idealTree | | +-- async@0.2.10
170 silly idealTree | | +-- source-map@0.5.6
170 silly idealTree | | +-- uglify-to-browserify@1.0.2
170 silly idealTree | | `-- yargs@3.10.0
170 silly idealTree | |   +-- camelcase@1.2.1
170 silly idealTree | |   +-- cliui@2.1.0
170 silly idealTree | |   | +-- center-align@0.1.3
170 silly idealTree | |   | | +-- align-text@0.1.4
170 silly idealTree | |   | | | +-- kind-of@3.1.0
170 silly idealTree | |   | | | | `-- is-buffer@1.1.4
170 silly idealTree | |   | | | +-- longest@1.0.1
170 silly idealTree | |   | | | `-- repeat-string@1.6.1
170 silly idealTree | |   | | `-- lazy-cache@1.0.4
170 silly idealTree | |   | +-- right-align@0.1.3
170 silly idealTree | |   | | `-- align-text@0.1.4
170 silly idealTree | |   | |   +-- kind-of@3.1.0
170 silly idealTree | |   | |   | `-- is-buffer@1.1.4
170 silly idealTree | |   | |   +-- longest@1.0.1
170 silly idealTree | |   | |   `-- repeat-string@1.6.1
170 silly idealTree | |   | `-- wordwrap@0.0.2
170 silly idealTree | |   +-- decamelize@1.2.0
170 silly idealTree | |   `-- window-size@0.1.0
170 silly idealTree | +-- void-elements@2.0.1
170 silly idealTree | `-- with@4.0.3
170 silly idealTree |   +-- acorn-globals@1.0.9
170 silly idealTree |   | `-- acorn@2.7.0
170 silly idealTree |   `-- acorn@1.2.2
170 silly idealTree +-- jquery@3.1.1
170 silly idealTree +-- mongodb@2.2.21
170 silly idealTree | +-- es6-promise@3.2.1
170 silly idealTree | +-- mongodb-core@2.1.6
170 silly idealTree | | +-- bson@1.0.4
170 silly idealTree | | `-- require_optional@1.0.0
170 silly idealTree | |   +-- resolve-from@2.0.0
170 silly idealTree | |   `-- semver@5.3.0
170 silly idealTree | `-- readable-stream@2.1.5
170 silly idealTree |   +-- buffer-shims@1.0.0
170 silly idealTree |   +-- core-util-is@1.0.2
170 silly idealTree |   +-- inherits@2.0.3
170 silly idealTree |   +-- isarray@1.0.0
170 silly idealTree |   +-- process-nextick-args@1.0.7
170 silly idealTree |   +-- string_decoder@0.10.31
170 silly idealTree |   `-- util-deprecate@1.0.2
170 silly idealTree +-- mongoose@4.7.6
170 silly idealTree | +-- async@2.1.4
170 silly idealTree | | `-- lodash@4.17.4
170 silly idealTree | +-- bson@1.0.4
170 silly idealTree | +-- hooks-fixed@1.2.0
170 silly idealTree | +-- kareem@1.2.0
170 silly idealTree | +-- mongodb@2.2.16
170 silly idealTree | | +-- es6-promise@3.2.1
170 silly idealTree | | +-- mongodb-core@2.1.2
170 silly idealTree | | | `-- require_optional@1.0.0
170 silly idealTree | | |   +-- resolve-from@2.0.0
170 silly idealTree | | |   `-- semver@5.3.0
170 silly idealTree | | `-- readable-stream@2.1.5
170 silly idealTree | |   +-- buffer-shims@1.0.0
170 silly idealTree | |   +-- core-util-is@1.0.2
170 silly idealTree | |   +-- inherits@2.0.3
170 silly idealTree | |   +-- isarray@1.0.0
170 silly idealTree | |   +-- process-nextick-args@1.0.7
170 silly idealTree | |   +-- string_decoder@0.10.31
170 silly idealTree | |   `-- util-deprecate@1.0.2
170 silly idealTree | +-- mpath@0.2.1
170 silly idealTree | +-- mpromise@0.5.5
170 silly idealTree | +-- mquery@2.0.0
170 silly idealTree | | +-- bluebird@2.10.2
170 silly idealTree | | `-- sliced@0.0.5
170 silly idealTree | +-- ms@0.7.2
170 silly idealTree | +-- muri@1.1.1
170 silly idealTree | +-- regexp-clone@0.0.1
170 silly idealTree | `-- sliced@1.0.1
170 silly idealTree +-- morgan@1.7.0
170 silly idealTree | +-- basic-auth@1.0.4
170 silly idealTree | +-- depd@1.1.0
170 silly idealTree | +-- on-finished@2.3.0
170 silly idealTree | | `-- ee-first@1.1.1
170 silly idealTree | `-- on-headers@1.0.1
170 silly idealTree +-- ms@0.7.2
170 silly idealTree +-- nan@2.5.1
170 silly idealTree +-- ng-cookies@1.0.2
170 silly idealTree | `-- cookie@0.1.5
170 silly idealTree +-- on-headers@1.0.1
170 silly idealTree +-- parseurl@1.3.1
170 silly idealTree +-- random-bytes@1.0.0
170 silly idealTree +-- serve-favicon@2.3.2
170 silly idealTree | +-- etag@1.7.0
170 silly idealTree | +-- fresh@0.3.0
170 silly idealTree | +-- ms@0.7.2
170 silly idealTree | `-- parseurl@1.3.1
170 silly idealTree +-- smart-area@1.1.0
170 silly idealTree +-- uid-safe@2.1.3
170 silly idealTree `-- utils-merge@1.0.0
171 silly generateActionsToTake Starting
172 silly install generateActionsToTake
173 silly generateActionsToTake Finishing
174 silly diffTrees action count 3
175 silly diffTrees add canvas@1.0.4
176 silly diffTrees add nan@2.5.1
177 silly diffTrees update canvas@1.6.4
178 silly decomposeActions action count 25
179 silly decomposeActions fetch canvas@1.0.4
180 silly decomposeActions extract canvas@1.0.4
181 silly decomposeActions test canvas@1.0.4
182 silly decomposeActions preinstall canvas@1.0.4
183 silly decomposeActions build canvas@1.0.4
184 silly decomposeActions install canvas@1.0.4
185 silly decomposeActions postinstall canvas@1.0.4
186 silly decomposeActions finalize canvas@1.0.4
187 silly decomposeActions fetch nan@2.5.1
188 silly decomposeActions extract nan@2.5.1
189 silly decomposeActions test nan@2.5.1
190 silly decomposeActions preinstall nan@2.5.1
191 silly decomposeActions build nan@2.5.1
192 silly decomposeActions install nan@2.5.1
193 silly decomposeActions postinstall nan@2.5.1
194 silly decomposeActions finalize nan@2.5.1
195 silly decomposeActions remove canvas@1.6.4
196 silly decomposeActions fetch canvas@1.6.4
197 silly decomposeActions extract canvas@1.6.4
198 silly decomposeActions test canvas@1.6.4
199 silly decomposeActions preinstall canvas@1.6.4
200 silly decomposeActions build canvas@1.6.4
201 silly decomposeActions install canvas@1.6.4
202 silly decomposeActions postinstall canvas@1.6.4
203 silly decomposeActions finalize canvas@1.6.4
204 silly runTopLevelLifecycles Starting
205 silly executeActions Starting
206 silly install executeActions
207 silly doSerial global-install 0
208 silly doParallel fetch 3
209 verbose correctMkdir C:\Users\dan\AppData\Roaming\npm-cache\_locks correctMkdir not in flight; initializing
210 verbose lock using C:\Users\dan\AppData\Roaming\npm-cache\_locks\staging-e6917fd9ec20af8d.lock for C:\Users\dan\Desktop\Kasandra\kassandra\node_modules\.staging
211 silly doParallel extract 3
212 silly extract canvas@1.0.4
213 silly extract nan@2.5.1
214 silly extract canvas@1.6.4
215 verbose unbuild node_modules\.staging\canvas-d96ccab7
216 verbose unbuild node_modules\.staging\nan-2e3644bc
217 verbose unbuild node_modules\.staging\canvas-41b8acc3
218 silly gentlyRm C:\Users\dan\Desktop\Kasandra\kassandra\node_modules\.staging\canvas-d96ccab7 is being purged from base C:\Users\dan\Desktop\Kasandra\kassandra
219 verbose gentlyRm don't care about contents; nuking C:\Users\dan\Desktop\Kasandra\kassandra\node_modules\.staging\canvas-d96ccab7
220 silly gentlyRm C:\Users\dan\Desktop\Kasandra\kassandra\node_modules\.staging\nan-2e3644bc is being purged from base C:\Users\dan\Desktop\Kasandra\kassandra
221 verbose gentlyRm don't care about contents; nuking C:\Users\dan\Desktop\Kasandra\kassandra\node_modules\.staging\nan-2e3644bc
222 verbose tar unpack C:\Users\dan\AppData\Roaming\npm-cache\canvas\1.0.4\package.tgz
223 verbose tar unpacking to C:\Users\dan\Desktop\Kasandra\kassandra\node_modules\.staging\canvas-d96ccab7
224 silly gentlyRm C:\Users\dan\Desktop\Kasandra\kassandra\node_modules\.staging\canvas-d96ccab7 is being purged
225 verbose gentlyRm don't care about contents; nuking C:\Users\dan\Desktop\Kasandra\kassandra\node_modules\.staging\canvas-d96ccab7
226 silly gentlyRm C:\Users\dan\Desktop\Kasandra\kassandra\node_modules\.staging\canvas-41b8acc3 is being purged from base C:\Users\dan\Desktop\Kasandra\kassandra
227 verbose gentlyRm don't care about contents; nuking C:\Users\dan\Desktop\Kasandra\kassandra\node_modules\.staging\canvas-41b8acc3
228 verbose tar unpack C:\Users\dan\AppData\Roaming\npm-cache\nan\2.5.1\package.tgz
229 verbose tar unpacking to C:\Users\dan\Desktop\Kasandra\kassandra\node_modules\.staging\nan-2e3644bc
230 silly gentlyRm C:\Users\dan\Desktop\Kasandra\kassandra\node_modules\.staging\nan-2e3644bc is being purged
231 verbose gentlyRm don't care about contents; nuking C:\Users\dan\Desktop\Kasandra\kassandra\node_modules\.staging\nan-2e3644bc
232 silly gunzTarPerm modes [ '777', '666' ]
233 verbose tar unpack C:\Users\dan\AppData\Roaming\npm-cache\canvas\1.6.4\package.tgz
234 verbose tar unpacking to C:\Users\dan\Desktop\Kasandra\kassandra\node_modules\.staging\canvas-41b8acc3
235 silly gentlyRm C:\Users\dan\Desktop\Kasandra\kassandra\node_modules\.staging\canvas-41b8acc3 is being purged
236 verbose gentlyRm don't care about contents; nuking C:\Users\dan\Desktop\Kasandra\kassandra\node_modules\.staging\canvas-41b8acc3
237 silly gunzTarPerm modes [ '777', '666' ]
238 silly gunzTarPerm modes [ '777', '666' ]
239 silly gunzTarPerm extractEntry package.json
240 silly gunzTarPerm modified mode [ 'package.json', 420, 438 ]
241 silly gunzTarPerm extractEntry package.json
242 silly gunzTarPerm modified mode [ 'package.json', 436, 438 ]
243 silly gunzTarPerm extractEntry package.json
244 silly gunzTarPerm modified mode [ 'package.json', 420, 438 ]
245 silly gunzTarPerm extractEntry .npmignore
246 silly gunzTarPerm modified mode [ '.npmignore', 420, 438 ]
247 silly gunzTarPerm extractEntry index.js
248 silly gunzTarPerm modified mode [ 'index.js', 420, 438 ]
249 silly gunzTarPerm extractEntry README.md
250 silly gunzTarPerm modified mode [ 'README.md', 436, 438 ]
251 silly gunzTarPerm extractEntry .npmignore
252 silly gunzTarPerm modified mode [ '.npmignore', 420, 438 ]
253 silly gunzTarPerm extractEntry index.js
254 silly gunzTarPerm modified mode [ 'index.js', 420, 438 ]
255 silly gunzTarPerm extractEntry include_dirs.js
256 silly gunzTarPerm modified mode [ 'include_dirs.js', 436, 438 ]
257 silly gunzTarPerm extractEntry .travis.yml
258 silly gunzTarPerm modified mode [ '.travis.yml', 420, 438 ]
259 silly gunzTarPerm extractEntry History.md
260 silly gunzTarPerm modified mode [ 'History.md', 420, 438 ]
261 silly gunzTarPerm extractEntry nan_converters.h
262 silly gunzTarPerm modified mode [ 'nan_converters.h', 436, 438 ]
263 silly gunzTarPerm extractEntry CHANGELOG.md
264 silly gunzTarPerm modified mode [ 'CHANGELOG.md', 436, 438 ]
265 silly gunzTarPerm extractEntry LICENSE.md
266 silly gunzTarPerm modified mode [ 'LICENSE.md', 436, 438 ]
267 silly gunzTarPerm extractEntry install
268 silly gunzTarPerm modified mode [ 'install', 493, 511 ]
269 silly gunzTarPerm extractEntry History.md
270 silly gunzTarPerm modified mode [ 'History.md', 420, 438 ]
271 silly gunzTarPerm extractEntry doc/node_misc.md
272 silly gunzTarPerm modified mode [ 'doc/node_misc.md', 436, 438 ]
273 silly gunzTarPerm extractEntry doc/asyncworker.md
274 silly gunzTarPerm modified mode [ 'doc/asyncworker.md', 436, 438 ]
275 silly gunzTarPerm extractEntry doc/callback.md
276 silly gunzTarPerm modified mode [ 'doc/callback.md', 436, 438 ]
277 silly gunzTarPerm extractEntry .gitmodules
278 silly gunzTarPerm modified mode [ '.gitmodules', 420, 438 ]
279 silly gunzTarPerm extractEntry .travis.yml
280 silly gunzTarPerm modified mode [ '.travis.yml', 420, 438 ]
281 silly gunzTarPerm extractEntry lib/bindings.js
282 silly gunzTarPerm modified mode [ 'lib/bindings.js', 420, 438 ]
283 silly gunzTarPerm extractEntry lib/canvas.js
284 silly gunzTarPerm modified mode [ 'lib/canvas.js', 420, 438 ]
285 silly gunzTarPerm extractEntry lib/context2d.js
286 silly gunzTarPerm modified mode [ 'lib/context2d.js', 420, 438 ]
287 silly gunzTarPerm extractEntry lib/image.js
288 silly gunzTarPerm modified mode [ 'lib/image.js', 420, 438 ]
289 silly gunzTarPerm extractEntry lib/jpegstream.js
290 silly gunzTarPerm modified mode [ 'lib/jpegstream.js', 420, 438 ]
291 silly gunzTarPerm extractEntry lib/pixelarray.js
292 silly gunzTarPerm modified mode [ 'lib/pixelarray.js', 420, 438 ]
293 silly gunzTarPerm extractEntry lib/pngstream.js
294 silly gunzTarPerm modified mode [ 'lib/pngstream.js', 420, 438 ]
295 silly gunzTarPerm extractEntry Makefile
296 silly gunzTarPerm modified mode [ 'Makefile', 420, 438 ]
297 silly gunzTarPerm extractEntry binding.gyp
298 silly gunzTarPerm modified mode [ 'binding.gyp', 420, 438 ]
299 silly gunzTarPerm extractEntry Readme.md
300 silly gunzTarPerm modified mode [ 'Readme.md', 420, 438 ]
301 silly gunzTarPerm extractEntry src/FontFace.cc
302 silly gunzTarPerm modified mode [ 'src/FontFace.cc', 420, 438 ]
303 silly gunzTarPerm extractEntry src/Canvas.cc
304 silly gunzTarPerm modified mode [ 'src/Canvas.cc', 420, 438 ]
305 silly gunzTarPerm extractEntry src/CanvasGradient.cc
306 silly gunzTarPerm modified mode [ 'src/CanvasGradient.cc', 420, 438 ]
307 silly gunzTarPerm extractEntry src/CanvasGradient.h
308 silly gunzTarPerm modified mode [ 'src/CanvasGradient.h', 420, 438 ]
309 silly gunzTarPerm extractEntry src/CanvasPattern.cc
310 silly gunzTarPerm modified mode [ 'src/CanvasPattern.cc', 420, 438 ]
311 silly gunzTarPerm extractEntry src/CanvasPattern.h
312 silly gunzTarPerm modified mode [ 'src/CanvasPattern.h', 420, 438 ]
313 silly gunzTarPerm extractEntry src/CanvasRenderingContext2d.cc
314 silly gunzTarPerm modified mode [ 'src/CanvasRenderingContext2d.cc', 420, 438 ]
315 silly gunzTarPerm extractEntry src/CanvasRenderingContext2d.h
316 silly gunzTarPerm modified mode [ 'src/CanvasRenderingContext2d.h', 420, 438 ]
317 silly gunzTarPerm extractEntry src/closure.h
318 silly gunzTarPerm modified mode [ 'src/closure.h', 420, 438 ]
319 silly gunzTarPerm extractEntry src/color.cc
320 silly gunzTarPerm modified mode [ 'src/color.cc', 420, 438 ]
321 silly gunzTarPerm extractEntry src/color.h
322 silly gunzTarPerm modified mode [ 'src/color.h', 420, 438 ]
323 silly gunzTarPerm extractEntry src/Canvas.h
324 silly gunzTarPerm modified mode [ 'src/Canvas.h', 420, 438 ]
325 silly gunzTarPerm extractEntry src/FontFace.h
326 silly gunzTarPerm modified mode [ 'src/FontFace.h', 420, 438 ]
327 silly gunzTarPerm extractEntry src/Image.cc
328 silly gunzTarPerm modified mode [ 'src/Image.cc', 420, 438 ]
329 silly gunzTarPerm extractEntry src/Image.h
330 silly gunzTarPerm modified mode [ 'src/Image.h', 420, 438 ]
331 silly gunzTarPerm extractEntry src/ImageData.cc
332 silly gunzTarPerm modified mode [ 'src/ImageData.cc', 420, 438 ]
333 silly gunzTarPerm extractEntry src/ImageData.h
334 silly gunzTarPerm modified mode [ 'src/ImageData.h', 420, 438 ]
335 silly gunzTarPerm extractEntry src/init.cc
336 silly gunzTarPerm modified mode [ 'src/init.cc', 493, 511 ]
337 silly gunzTarPerm extractEntry src/JPEGStream.h
338 silly gunzTarPerm modified mode [ 'src/JPEGStream.h', 420, 438 ]
339 silly gunzTarPerm extractEntry src/nan.h
340 silly gunzTarPerm modified mode [ 'src/nan.h', 420, 438 ]
341 silly gunzTarPerm extractEntry src/PixelArray.cc
342 silly gunzTarPerm modified mode [ 'src/PixelArray.cc', 420, 438 ]
343 silly gunzTarPerm extractEntry src/PixelArray.h
344 silly gunzTarPerm modified mode [ 'src/PixelArray.h', 420, 438 ]
345 silly gunzTarPerm extractEntry src/Point.h
346 silly gunzTarPerm modified mode [ 'src/Point.h', 420, 438 ]
347 silly gunzTarPerm extractEntry util/cairo_include.sh
348 silly gunzTarPerm modified mode [ 'util/cairo_include.sh', 493, 511 ]
349 silly gunzTarPerm extractEntry util/has_cairo_freetype.sh
350 silly gunzTarPerm modified mode [ 'util/has_cairo_freetype.sh', 493, 511 ]
351 silly gunzTarPerm extractEntry util/has_lib.sh
352 silly gunzTarPerm modified mode [ 'util/has_lib.sh', 493, 511 ]
353 silly gunzTarPerm extractEntry util/lib_lookup.sh
354 silly gunzTarPerm modified mode [ 'util/lib_lookup.sh', 493, 511 ]
355 silly gunzTarPerm extractEntry Readme.md
356 silly gunzTarPerm modified mode [ 'Readme.md', 420, 438 ]
357 silly gunzTarPerm extractEntry binding.gyp
358 silly gunzTarPerm modified mode [ 'binding.gyp', 493, 511 ]
359 silly gunzTarPerm extractEntry .github/ISSUE_TEMPLATE.md
360 silly gunzTarPerm modified mode [ '.github/ISSUE_TEMPLATE.md', 420, 438 ]
361 silly gunzTarPerm extractEntry doc/converters.md
362 silly gunzTarPerm modified mode [ 'doc/converters.md', 436, 438 ]
363 silly gunzTarPerm extractEntry doc/errors.md
364 silly gunzTarPerm modified mode [ 'doc/errors.md', 436, 438 ]
365 silly gunzTarPerm extractEntry lib/bindings.js
366 silly gunzTarPerm modified mode [ 'lib/bindings.js', 420, 438 ]
367 silly gunzTarPerm extractEntry lib/canvas.js
368 silly gunzTarPerm modified mode [ 'lib/canvas.js', 420, 438 ]
369 silly gunzTarPerm extractEntry lib/context2d.js
370 silly gunzTarPerm modified mode [ 'lib/context2d.js', 420, 438 ]
371 silly gunzTarPerm extractEntry lib/image.js
372 silly gunzTarPerm modified mode [ 'lib/image.js', 420, 438 ]
373 silly gunzTarPerm extractEntry doc/maybe_types.md
374 silly gunzTarPerm modified mode [ 'doc/maybe_types.md', 436, 438 ]
375 silly gunzTarPerm extractEntry doc/methods.md
376 silly gunzTarPerm modified mode [ 'doc/methods.md', 436, 438 ]
377 silly gunzTarPerm extractEntry doc/new.md
378 silly gunzTarPerm modified mode [ 'doc/new.md', 436, 438 ]
379 silly gunzTarPerm extractEntry lib/jpegstream.js
380 silly gunzTarPerm modified mode [ 'lib/jpegstream.js', 420, 438 ]
381 silly gunzTarPerm extractEntry lib/pdfstream.js
382 silly gunzTarPerm modified mode [ 'lib/pdfstream.js', 420, 438 ]
383 silly gunzTarPerm extractEntry doc/buffers.md
384 silly gunzTarPerm modified mode [ 'doc/buffers.md', 436, 438 ]
385 silly gunzTarPerm extractEntry doc/object_wrappers.md
386 silly gunzTarPerm modified mode [ 'doc/object_wrappers.md', 436, 438 ]
387 silly gunzTarPerm extractEntry lib/pngstream.js
388 silly gunzTarPerm modified mode [ 'lib/pngstream.js', 420, 438 ]
389 silly gunzTarPerm extractEntry src/Image.cc
390 silly gunzTarPerm modified mode [ 'src/Image.cc', 420, 438 ]
391 silly gunzTarPerm extractEntry doc/persistent.md
392 silly gunzTarPerm modified mode [ 'doc/persistent.md', 436, 438 ]
393 silly gunzTarPerm extractEntry doc/scopes.md
394 silly gunzTarPerm modified mode [ 'doc/scopes.md', 436, 438 ]
395 silly gunzTarPerm extractEntry src/Canvas.cc
396 silly gunzTarPerm modified mode [ 'src/Canvas.cc', 420, 438 ]
397 silly gunzTarPerm extractEntry src/CanvasGradient.cc
398 silly gunzTarPerm modified mode [ 'src/CanvasGradient.cc', 420, 438 ]
399 silly gunzTarPerm extractEntry doc/script.md
400 silly gunzTarPerm modified mode [ 'doc/script.md', 436, 438 ]
401 silly gunzTarPerm extractEntry doc/string_bytes.md
402 silly gunzTarPerm modified mode [ 'doc/string_bytes.md', 436, 438 ]
403 silly gunzTarPerm extractEntry src/CanvasGradient.h
404 silly gunzTarPerm modified mode [ 'src/CanvasGradient.h', 420, 438 ]
405 silly gunzTarPerm extractEntry src/CanvasPattern.cc
406 silly gunzTarPerm modified mode [ 'src/CanvasPattern.cc', 420, 438 ]
407 silly gunzTarPerm extractEntry doc/v8_internals.md
408 silly gunzTarPerm modified mode [ 'doc/v8_internals.md', 436, 438 ]
409 silly gunzTarPerm extractEntry doc/v8_misc.md
410 silly gunzTarPerm modified mode [ 'doc/v8_misc.md', 436, 438 ]
411 silly gunzTarPerm extractEntry src/CanvasPattern.h
412 silly gunzTarPerm modified mode [ 'src/CanvasPattern.h', 420, 438 ]
413 silly gunzTarPerm extractEntry src/CanvasRenderingContext2d.cc
414 silly gunzTarPerm modified mode [ 'src/CanvasRenderingContext2d.cc', 493, 511 ]
415 silly gunzTarPerm extractEntry nan.h
416 silly gunzTarPerm modified mode [ 'nan.h', 436, 438 ]
417 silly gunzTarPerm extractEntry nan_callbacks.h
418 silly gunzTarPerm modified mode [ 'nan_callbacks.h', 436, 438 ]
419 silly gunzTarPerm extractEntry nan_callbacks_12_inl.h
420 silly gunzTarPerm modified mode [ 'nan_callbacks_12_inl.h', 436, 438 ]
421 silly gunzTarPerm extractEntry nan_callbacks_pre_12_inl.h
422 silly gunzTarPerm modified mode [ 'nan_callbacks_pre_12_inl.h', 436, 438 ]
423 silly gunzTarPerm extractEntry nan_converters_43_inl.h
424 silly gunzTarPerm modified mode [ 'nan_converters_43_inl.h', 436, 438 ]
425 silly gunzTarPerm extractEntry nan_converters_pre_43_inl.h
426 silly gunzTarPerm modified mode [ 'nan_converters_pre_43_inl.h', 436, 438 ]
427 silly gunzTarPerm extractEntry nan_implementation_12_inl.h
428 silly gunzTarPerm modified mode [ 'nan_implementation_12_inl.h', 436, 438 ]
429 silly gunzTarPerm extractEntry src/CanvasRenderingContext2d.h
430 silly gunzTarPerm modified mode [ 'src/CanvasRenderingContext2d.h', 420, 438 ]
431 silly gunzTarPerm extractEntry src/FontFace.cc
432 silly gunzTarPerm modified mode [ 'src/FontFace.cc', 493, 511 ]
433 silly gunzTarPerm extractEntry nan_implementation_pre_12_inl.h
434 silly gunzTarPerm modified mode [ 'nan_implementation_pre_12_inl.h', 436, 438 ]
435 silly gunzTarPerm extractEntry nan_maybe_43_inl.h
436 silly gunzTarPerm modified mode [ 'nan_maybe_43_inl.h', 436, 438 ]
437 silly gunzTarPerm extractEntry nan_maybe_pre_43_inl.h
438 silly gunzTarPerm modified mode [ 'nan_maybe_pre_43_inl.h', 436, 438 ]
439 silly gunzTarPerm extractEntry nan_new.h
440 silly gunzTarPerm modified mode [ 'nan_new.h', 436, 438 ]
441 silly gunzTarPerm extractEntry nan_object_wrap.h
442 silly gunzTarPerm modified mode [ 'nan_object_wrap.h', 436, 438 ]
443 silly gunzTarPerm extractEntry src/FontFace.h
444 silly gunzTarPerm modified mode [ 'src/FontFace.h', 420, 438 ]
445 silly gunzTarPerm extractEntry src/Canvas.h
446 silly gunzTarPerm modified mode [ 'src/Canvas.h', 420, 438 ]
447 silly gunzTarPerm extractEntry nan_persistent_12_inl.h
448 silly gunzTarPerm modified mode [ 'nan_persistent_12_inl.h', 436, 438 ]
449 silly gunzTarPerm extractEntry nan_persistent_pre_12_inl.h
450 silly gunzTarPerm modified mode [ 'nan_persistent_pre_12_inl.h', 436, 438 ]
451 silly gunzTarPerm extractEntry nan_private.h
452 silly gunzTarPerm modified mode [ 'nan_private.h', 436, 438 ]
453 silly gunzTarPerm extractEntry nan_string_bytes.h
454 silly gunzTarPerm modified mode [ 'nan_string_bytes.h', 436, 438 ]
455 silly gunzTarPerm extractEntry src/Image.h
456 silly gunzTarPerm modified mode [ 'src/Image.h', 420, 438 ]
457 silly gunzTarPerm extractEntry src/ImageData.cc
458 silly gunzTarPerm modified mode [ 'src/ImageData.cc', 420, 438 ]
459 silly gunzTarPerm extractEntry nan_typedarray_contents.h
460 silly gunzTarPerm modified mode [ 'nan_typedarray_contents.h', 436, 438 ]
461 silly gunzTarPerm extractEntry nan_weak.h
462 silly gunzTarPerm modified mode [ 'nan_weak.h', 436, 438 ]
463 silly gunzTarPerm extractEntry src/ImageData.h
464 silly gunzTarPerm modified mode [ 'src/ImageData.h', 420, 438 ]
465 silly gunzTarPerm extractEntry src/JPEGStream.h
466 silly gunzTarPerm modified mode [ 'src/JPEGStream.h', 420, 438 ]
467 silly gunzTarPerm extractEntry tools/package.json
468 silly gunzTarPerm modified mode [ 'tools/package.json', 436, 438 ]
469 silly gunzTarPerm extractEntry tools/README.md
470 silly gunzTarPerm modified mode [ 'tools/README.md', 436, 438 ]
471 silly gunzTarPerm extractEntry src/PNG.h
472 silly gunzTarPerm modified mode [ 'src/PNG.h', 420, 438 ]
473 silly gunzTarPerm extractEntry src/Point.h
474 silly gunzTarPerm modified mode [ 'src/Point.h', 420, 438 ]
475 silly gunzTarPerm extractEntry tools/1to2.js
476 silly gunzTarPerm modified mode [ 'tools/1to2.js', 509, 511 ]
477 silly gunzTarPerm extractEntry src/closure.h
478 silly gunzTarPerm modified mode [ 'src/closure.h', 420, 438 ]
479 silly gunzTarPerm extractEntry src/color.cc
480 silly gunzTarPerm modified mode [ 'src/color.cc', 420, 438 ]
481 silly gunzTarPerm extractEntry src/color.h
482 silly gunzTarPerm modified mode [ 'src/color.h', 420, 438 ]
483 silly gunzTarPerm extractEntry src/init.cc
484 silly gunzTarPerm modified mode [ 'src/init.cc', 493, 511 ]
485 silly gunzTarPerm extractEntry util/has_lib.sh
486 silly gunzTarPerm modified mode [ 'util/has_lib.sh', 493, 511 ]
487 silly gentlyRm C:\Users\dan\Desktop\Kasandra\kassandra\node_modules\.staging\canvas-41b8acc3\node_modules is being purged
488 verbose gentlyRm don't care about contents; nuking C:\Users\dan\Desktop\Kasandra\kassandra\node_modules\.staging\canvas-41b8acc3\node_modules
489 silly gentlyRm C:\Users\dan\Desktop\Kasandra\kassandra\node_modules\.staging\canvas-d96ccab7\node_modules is being purged
490 verbose gentlyRm don't care about contents; nuking C:\Users\dan\Desktop\Kasandra\kassandra\node_modules\.staging\canvas-d96ccab7\node_modules
491 silly gentlyRm C:\Users\dan\Desktop\Kasandra\kassandra\node_modules\.staging\nan-2e3644bc\node_modules is being purged
492 verbose gentlyRm don't care about contents; nuking C:\Users\dan\Desktop\Kasandra\kassandra\node_modules\.staging\nan-2e3644bc\node_modules
493 silly doParallel preinstall 3
494 silly preinstall canvas@1.0.4 C:\Users\dan\Desktop\Kasandra\kassandra\node_modules\.staging\canvas-d96ccab7
495 info lifecycle canvas@1.0.4~preinstall: canvas@1.0.4
496 silly preinstall nan@2.5.1 C:\Users\dan\Desktop\Kasandra\kassandra\node_modules\.staging\nan-2e3644bc
497 info lifecycle nan@2.5.1~preinstall: nan@2.5.1
498 silly preinstall canvas@1.6.4 C:\Users\dan\Desktop\Kasandra\kassandra\node_modules\.staging\canvas-41b8acc3
499 info lifecycle canvas@1.6.4~preinstall: canvas@1.6.4
500 silly lifecycle canvas@1.0.4~preinstall: no script for preinstall, continuing
501 silly lifecycle nan@2.5.1~preinstall: no script for preinstall, continuing
502 silly lifecycle canvas@1.6.4~preinstall: no script for preinstall, continuing
503 silly doReverseSerial remove 1
504 silly remove C:\Users\dan\Desktop\Kasandra\kassandra\node_modules\canvas
505 verbose unbuild node_modules\canvas
506 info lifecycle canvas@1.0.4~preuninstall: canvas@1.0.4
507 silly lifecycle canvas@1.0.4~preuninstall: no script for preuninstall, continuing
508 info lifecycle canvas@1.0.4~uninstall: canvas@1.0.4
509 silly lifecycle canvas@1.0.4~uninstall: no script for uninstall, continuing
510 verbose unbuild rmStuff canvas@1.0.4 from C:\Users\dan\Desktop\Kasandra\kassandra\node_modules
511 info lifecycle canvas@1.0.4~postuninstall: canvas@1.0.4
512 silly lifecycle canvas@1.0.4~postuninstall: no script for postuninstall, continuing
513 silly gentlyRm C:\Users\dan\Desktop\Kasandra\kassandra\node_modules\canvas is being purged from base C:\Users\dan\Desktop\Kasandra\kassandra
514 verbose gentlyRm don't care about contents; nuking C:\Users\dan\Desktop\Kasandra\kassandra\node_modules\canvas
515 silly vacuum-fs purging C:\Users\dan\Desktop\Kasandra\kassandra\node_modules\canvas
516 silly vacuum-fs quitting because other entries in C:\Users\dan\Desktop\Kasandra\kassandra\node_modules
517 silly doSerial move 0
518 silly doSerial finalize 3
519 silly finalize C:\Users\dan\Desktop\Kasandra\kassandra\node_modules\heatmap\node_modules\canvas
520 silly finalize C:\Users\dan\Desktop\Kasandra\kassandra\node_modules\nan
521 silly finalize C:\Users\dan\Desktop\Kasandra\kassandra\node_modules\canvas
522 silly doSerial build 3
523 silly build canvas@1.0.4
524 info linkStuff canvas@1.0.4
525 silly linkStuff canvas@1.0.4 has C:\Users\dan\Desktop\Kasandra\kassandra\node_modules\heatmap\node_modules as its parent node_modules
526 verbose linkBins canvas@1.0.4
527 verbose linkMans canvas@1.0.4
528 silly build nan@2.5.1
529 info linkStuff nan@2.5.1
530 silly linkStuff nan@2.5.1 has C:\Users\dan\Desktop\Kasandra\kassandra\node_modules as its parent node_modules
531 verbose linkBins nan@2.5.1
532 verbose linkMans nan@2.5.1
533 silly build canvas@1.6.4
534 info linkStuff canvas@1.6.4
535 silly linkStuff canvas@1.6.4 has C:\Users\dan\Desktop\Kasandra\kassandra\node_modules as its parent node_modules
536 verbose linkBins canvas@1.6.4
537 verbose linkMans canvas@1.6.4
538 silly doSerial global-link 0
539 silly doParallel update-linked 0
540 silly doSerial install 3
541 silly install canvas@1.0.4 C:\Users\dan\Desktop\Kasandra\kassandra\node_modules\.staging\canvas-d96ccab7
542 info lifecycle canvas@1.0.4~install: canvas@1.0.4
543 verbose lifecycle canvas@1.0.4~install: unsafe-perm in lifecycle true
544 verbose lifecycle canvas@1.0.4~install: PATH: C:\Program Files\nodejs\node_modules\npm\bin\node-gyp-bin;C:\Users\dan\Desktop\Kasandra\kassandra\node_modules\heatmap\node_modules\canvas\node_modules\.bin;C:\Users\dan\Desktop\Kasandra\kassandra\node_modules\heatmap\node_modules\.bin;C:\Users\dan\Desktop\Kasandra\kassandra\node_modules\.bin;C:\Users\dan\bin;C:\Program Files\Git\mingw64\bin;C:\Program Files\Git\usr\local\bin;C:\Program Files\Git\usr\bin;C:\Program Files\Git\usr\bin;C:\Program Files\Git\mingw64\bin;C:\Program Files\Git\usr\bin;C:\Users\dan\bin;C:\ProgramData\Oracle\Java\javapath;C:\Program Files (x86)\Lenovo\FusionEngine;C:\Program Files (x86)\Intel\iCLS Client;C:\Program Files\Intel\iCLS Client;C:\WINDOWS\system32;C:\WINDOWS;C:\WINDOWS\System32\Wbem;C:\WINDOWS\System32\WindowsPowerShell\v1.0;C:\Program Files\Intel\Intel(R) Management Engine Components\DAL;C:\Program Files (x86)\Intel\Intel(R) Management Engine Components\DAL;C:\Program Files\Intel\Intel(R) Management Engine Components\IPT;C:\Program Files (x86)\Intel\Intel(R) Management Engine Components\IPT;C:\Program Files (x86)\ATI Technologies\ATI.ACE\Core-Static;C:\Program Files\Intel\WiFi\bin;C:\Program Files\Common Files\Intel\WirelessCommon;C:\Program Files (x86)\Common Files\lenovo\easyplussdk\bin;C:\WINDOWS\system32\config\systemprofile\.dnx\bin;C:\Program Files\Microsoft DNX\Dnvm;C:\Program Files\Microsoft SQL Server\130\Tools\Binn;C:\Python27;C:\Program Files (x86)\Windows Kits\10\Windows Performance Toolkit;C:\Program Files\dotnet;C:\Program Files (x86)\Heroku\bin;C:\Program Files (x86)\git\cmd;C:\Program Files\nodejs;C:\Program Files\Java\jdk1.8.0_91\bin;C:\Users\dan\AppData\Local\Microsoft\WindowsApps;C:\Program Files\Heroku\bin;C:\Python27\Scripts;C:\Program Files (x86)\Microsoft VS Code\bin;C:\Users\dan\AppData\Roaming\npm;C:\Program Files\nodejs;C:\Program Files\MongoDB\Server\3.4\bin;C:\Program Files\Git\usr\bin\vendor_perl;C:\Program Files\Git\usr\bin\core_perl
545 verbose lifecycle canvas@1.0.4~install: CWD: C:\Users\dan\Desktop\Kasandra\kassandra\node_modules\heatmap\node_modules\canvas
546 silly lifecycle canvas@1.0.4~install: Args: [ '/d /s /c', 'node-gyp rebuild' ]
547 silly lifecycle canvas@1.0.4~install: Returned: code: 1  signal: null
548 info lifecycle canvas@1.0.4~install: Failed to exec install script
549 silly install nan@2.5.1 C:\Users\dan\Desktop\Kasandra\kassandra\node_modules\.staging\nan-2e3644bc
550 info lifecycle nan@2.5.1~install: nan@2.5.1
551 silly lifecycle nan@2.5.1~install: no script for install, continuing
552 silly install canvas@1.6.4 C:\Users\dan\Desktop\Kasandra\kassandra\node_modules\.staging\canvas-41b8acc3
553 info lifecycle canvas@1.6.4~install: canvas@1.6.4
554 verbose lifecycle canvas@1.6.4~install: unsafe-perm in lifecycle true
555 verbose lifecycle canvas@1.6.4~install: PATH: C:\Program Files\nodejs\node_modules\npm\bin\node-gyp-bin;C:\Users\dan\Desktop\Kasandra\kassandra\node_modules\canvas\node_modules\.bin;C:\Users\dan\Desktop\Kasandra\kassandra\node_modules\.bin;C:\Users\dan\bin;C:\Program Files\Git\mingw64\bin;C:\Program Files\Git\usr\local\bin;C:\Program Files\Git\usr\bin;C:\Program Files\Git\usr\bin;C:\Program Files\Git\mingw64\bin;C:\Program Files\Git\usr\bin;C:\Users\dan\bin;C:\ProgramData\Oracle\Java\javapath;C:\Program Files (x86)\Lenovo\FusionEngine;C:\Program Files (x86)\Intel\iCLS Client;C:\Program Files\Intel\iCLS Client;C:\WINDOWS\system32;C:\WINDOWS;C:\WINDOWS\System32\Wbem;C:\WINDOWS\System32\WindowsPowerShell\v1.0;C:\Program Files\Intel\Intel(R) Management Engine Components\DAL;C:\Program Files (x86)\Intel\Intel(R) Management Engine Components\DAL;C:\Program Files\Intel\Intel(R) Management Engine Components\IPT;C:\Program Files (x86)\Intel\Intel(R) Management Engine Components\IPT;C:\Program Files (x86)\ATI Technologies\ATI.ACE\Core-Static;C:\Program Files\Intel\WiFi\bin;C:\Program Files\Common Files\Intel\WirelessCommon;C:\Program Files (x86)\Common Files\lenovo\easyplussdk\bin;C:\WINDOWS\system32\config\systemprofile\.dnx\bin;C:\Program Files\Microsoft DNX\Dnvm;C:\Program Files\Microsoft SQL Server\130\Tools\Binn;C:\Python27;C:\Program Files (x86)\Windows Kits\10\Windows Performance Toolkit;C:\Program Files\dotnet;C:\Program Files (x86)\Heroku\bin;C:\Program Files (x86)\git\cmd;C:\Program Files\nodejs;C:\Program Files\Java\jdk1.8.0_91\bin;C:\Users\dan\AppData\Local\Microsoft\WindowsApps;C:\Program Files\Heroku\bin;C:\Python27\Scripts;C:\Program Files (x86)\Microsoft VS Code\bin;C:\Users\dan\AppData\Roaming\npm;C:\Program Files\nodejs;C:\Program Files\MongoDB\Server\3.4\bin;C:\Program Files\Git\usr\bin\vendor_perl;C:\Program Files\Git\usr\bin\core_perl
556 verbose lifecycle canvas@1.6.4~install: CWD: C:\Users\dan\Desktop\Kasandra\kassandra\node_modules\canvas
557 silly lifecycle canvas@1.6.4~install: Args: [ '/d /s /c', 'node-gyp rebuild' ]
558 silly lifecycle canvas@1.6.4~install: Returned: code: 1  signal: null
559 info lifecycle canvas@1.6.4~install: Failed to exec install script
560 verbose unlock done using C:\Users\dan\AppData\Roaming\npm-cache\_locks\staging-e6917fd9ec20af8d.lock for C:\Users\dan\Desktop\Kasandra\kassandra\node_modules\.staging
561 silly rollbackFailedOptional Starting
562 silly rollbackFailedOptional Finishing
563 silly runTopLevelLifecycles Finishing
564 silly install printInstalled
565 warn optional SKIPPING OPTIONAL DEPENDENCY: canvas@1.0.4 (node_modules\heatmap\node_modules\canvas):
566 warn optional SKIPPING OPTIONAL DEPENDENCY: canvas@1.0.4 install: `node-gyp rebuild`
566 warn optional SKIPPING OPTIONAL DEPENDENCY: Exit status 1
567 verbose optional SKIPPING OPTIONAL DEPENDENCY:
567 verbose optional Failed at the canvas@1.0.4 install script 'node-gyp rebuild'.
567 verbose optional SKIPPING OPTIONAL DEPENDENCY: Make sure you have the latest version of node.js and npm installed.
567 verbose optional SKIPPING OPTIONAL DEPENDENCY: If you do, this is most likely a problem with the canvas package,
567 verbose optional SKIPPING OPTIONAL DEPENDENCY: not with npm itself.
567 verbose optional SKIPPING OPTIONAL DEPENDENCY: Tell the author that this fails on your system:
567 verbose optional SKIPPING OPTIONAL DEPENDENCY:     node-gyp rebuild
567 verbose optional SKIPPING OPTIONAL DEPENDENCY: You can get information on how to open an issue for this project with:
567 verbose optional SKIPPING OPTIONAL DEPENDENCY:     npm bugs canvas
567 verbose optional SKIPPING OPTIONAL DEPENDENCY: Or if that isn't available, you can get their info via:
567 verbose optional SKIPPING OPTIONAL DEPENDENCY:     npm owner ls canvas
567 verbose optional SKIPPING OPTIONAL DEPENDENCY: There is likely additional logging output above.
568 verbose stack Error: canvas@1.6.4 install: `node-gyp rebuild`
568 verbose stack Exit status 1
568 verbose stack     at EventEmitter.<anonymous> (C:\Program Files\nodejs\node_modules\npm\lib\utils\lifecycle.js:255:16)
568 verbose stack     at emitTwo (events.js:106:13)
568 verbose stack     at EventEmitter.emit (events.js:191:7)
568 verbose stack     at ChildProcess.<anonymous> (C:\Program Files\nodejs\node_modules\npm\lib\utils\spawn.js:40:14)
568 verbose stack     at emitTwo (events.js:106:13)
568 verbose stack     at ChildProcess.emit (events.js:191:7)
568 verbose stack     at maybeClose (internal/child_process.js:877:16)
568 verbose stack     at Process.ChildProcess._handle.onexit (internal/child_process.js:226:5)
569 verbose pkgid canvas@1.6.4
570 verbose cwd C:\Users\dan\Desktop\Kasandra\kassandra
571 error Windows_NT 10.0.14393
572 error argv "C:\\Program Files\\nodejs\\node.exe" "C:\\Program Files\\nodejs\\node_modules\\npm\\bin\\npm-cli.js" "install" "--save" "canvas"
573 error node v6.9.4
574 error npm  v3.10.10
575 error code ELIFECYCLE
576 error canvas@1.6.4 install: `node-gyp rebuild`
576 error Exit status 1
577 error Failed at the canvas@1.6.4 install script 'node-gyp rebuild'.
577 error Make sure you have the latest version of node.js and npm installed.
577 error If you do, this is most likely a problem with the canvas package,
577 error not with npm itself.
577 error Tell the author that this fails on your system:
577 error     node-gyp rebuild
577 error You can get information on how to open an issue for this project with:
577 error     npm bugs canvas
577 error Or if that isn't available, you can get their info via:
577 error     npm owner ls canvas
577 error There is likely additional logging output above.
578 verbose exit [ 1, true ]
